
[error occurred during error reporting (printing fatal error message), id 0xc00000fd, EXCEPTION_STACK_OVERFLOW (0xc00000fd) at pc=0x00007ff930c2a7b8]

#
#  EXCEPTION_ACCESS_VIOLATION (0xc0000005) at pc=0x00000130f0a90b8b, pid=7540, tid=14052
#
# JRE version: Java(TM) SE Runtime Environment (14.0.1+7) (build 14.0.1+7)
# Java VM: Java HotSpot(TM) 64-Bit Server VM (14.0.1+7, mixed mode, sharing, tiered, compressed oops, g1 gc, windows-amd64)
# Problematic frame:
# v  ~RuntimeStub::StackOverflowError throw_exception
#
# No core dump will be written. Minidumps are not enabled by default on client versions of Windows
#
# If you would like to submit a bug report, please visit:
#   https://bugreport.java.com/bugreport/crash.jsp
#

---------------  S U M M A R Y ------------

Command Line: -javaagent:C:\Program Files\JetBrains\IntelliJ IDEA 2019.2.3\lib\idea_rt.jar=61202:C:\Program Files\JetBrains\IntelliJ IDEA 2019.2.3\bin -Dfile.encoding=UTF-8 main.MusicGUI

Host: Intel(R) Core(TM) i7-9750H CPU @ 2.60GHz, 12 cores, 15G,  Windows 10 , 64 bit Build 19041 (10.0.19041.928)
Time: Fri May 14 14:14:46 2021 Türkiye Standart Saati elapsed time: 14 seconds (0d 0h 0m 14s)

---------------  T H R E A D  ---------------

Current thread (0x000001308d40c800):  JavaThread "AWT-EventQueue-0" [_thread_in_Java, id=14052, stack(0x000000086d900000,0x000000086da00000)]

Stack: [0x000000086d900000,0x000000086da00000],  sp=0x000000086d903e58,  free space=15k
Native frames: (J=compiled Java code, j=interpreted, Vv=VM code, C=native code)
C  0x00000130f0a90b8b